Build started 3/5/2012 11:04:29 AM.
     1>Project "C:\Users\Jean Loizin\Desktop\LOOPING ASSIGNMENT\LOOPING ASSIGNMENT\LOOPING ASSIGNMENT.vcxproj" on node 2 (build target(s)).
     1>InitializeBuildStatus:
         Creating "Debug\LOOPING ASSIGNMENT.unsuccessfulbuild" because "AlwaysCreate" was specified.
       ClCompile:
         c:\Program Files\Microsoft Visual Studio 10.0\VC\bin\CL.exe /c /ZI /nologo /W3 /WX- /Od /Oy- /D WIN32 /D _DEBUG /D _CONSOLE /D _UNICODE /D UNICODE /Gm /EHsc /RTC1 /MDd /GS /fp:precise /Zc:wchar_t /Zc:forScope /Fo"Debug\\" /Fd"Debug\vc100.pdb" /Gd /TP /analyze- /errorReport:prompt looping.cpp
         looping.cpp
     1>c:\users\jean loizin\desktop\looping assignment\looping assignment\looping.cpp(13): warning C4552: '<=' : operator has no effect; expected operator with side-effect
       ManifestResourceCompile:
         All outputs are up-to-date.
       Link:
         c:\Program Files\Microsoft Visual Studio 10.0\VC\bin\link.exe /ERRORREPORT:PROMPT /OUT:"C:\Users\Jean Loizin\Desktop\LOOPING ASSIGNMENT\Debug\LOOPING ASSIGNMENT.exe" /INCREMENTAL /NOLOGO kernel32.lib user32.lib gdi32.lib winspool.lib comdlg32.lib advapi32.lib shell32.lib ole32.lib oleaut32.lib uuid.lib odbc32.lib odbccp32.lib /MANIFEST /ManifestFile:"Debug\LOOPING ASSIGNMENT.exe.intermediate.manifest" /MANIFESTUAC:"level='asInvoker' uiAccess='false'" /DEBUG /PDB:"C:\Users\Jean Loizin\Desktop\LOOPING ASSIGNMENT\Debug\LOOPING ASSIGNMENT.pdb" /SUBSYSTEM:CONSOLE /TLBID:1 /DYNAMICBASE /NXCOMPAT /IMPLIB:"C:\Users\Jean Loizin\Desktop\LOOPING ASSIGNMENT\Debug\LOOPING ASSIGNMENT.lib" /MACHINE:X86 "Debug\LOOPING ASSIGNMENT.exe.embed.manifest.res"
         Debug\looping.obj
       Manifest:
         C:\Program Files\Microsoft SDKs\Windows\v7.0A\bin\mt.exe /nologo /verbose /out:"Debug\LOOPING ASSIGNMENT.exe.embed.manifest" /manifest "Debug\LOOPING ASSIGNMENT.exe.intermediate.manifest"
         All outputs are up-to-date.
       LinkEmbedManifest:
         All outputs are up-to-date.
         LOOPING ASSIGNMENT.vcxproj -> C:\Users\Jean Loizin\Desktop\LOOPING ASSIGNMENT\Debug\LOOPING ASSIGNMENT.exe
       FinalizeBuildStatus:
         Deleting file "Debug\LOOPING ASSIGNMENT.unsuccessfulbuild".
         Touching "Debug\LOOPING ASSIGNMENT.lastbuildstate".
     1>Done Building Project "C:\Users\Jean Loizin\Desktop\LOOPING ASSIGNMENT\LOOPING ASSIGNMENT\LOOPING ASSIGNMENT.vcxproj" (build target(s)).

Build succeeded.

Time Elapsed 00:00:01.93
