Build started 3/14/2012 9:17:54 AM.
     1>Project "C:\Users\Jean Loizin\Desktop\New folder (2)\fvijay\fvijay\fvijay.vcxproj" on node 2 (build target(s)).
     1>InitializeBuildStatus:
         Creating "Debug\fvijay.unsuccessfulbuild" because "AlwaysCreate" was specified.
       ClCompile:
         c:\Program Files\Microsoft Visual Studio 10.0\VC\bin\CL.exe /c /ZI /nologo /W3 /WX- /Od /Oy- /D WIN32 /D _DEBUG /D _CONSOLE /D _UNICODE /D UNICODE /Gm /EHsc /RTC1 /MDd /GS /fp:precise /Zc:wchar_t /Zc:forScope /Fo"Debug\\" /Fd"Debug\vc100.pdb" /Gd /TP /analyze- /errorReport:prompt main.cpp
         main.cpp
     1>c:\users\jean loizin\desktop\new folder (2)\fvijay\fvijay\main.cpp(41): warning C4060: switch statement contains no 'case' or 'default' labels
     1>c:\users\jean loizin\desktop\new folder (2)\fvijay\fvijay\main.cpp(108): warning C4996: 'getch': The POSIX name for this item is deprecated. Instead, use the ISO C++ conformant name: _getch. See online help for details.
                 c:\program files\microsoft visual studio 10.0\vc\include\conio.h(128) : see declaration of 'getch'
     1>c:\users\jean loizin\desktop\new folder (2)\fvijay\fvijay\main.cpp(26): warning C4101: 'todal' : unreferenced local variable
       ManifestResourceCompile:
         All outputs are up-to-date.
       Link:
         c:\Program Files\Microsoft Visual Studio 10.0\VC\bin\link.exe /ERRORREPORT:PROMPT /OUT:"C:\Users\Jean Loizin\Desktop\New folder (2)\fvijay\Debug\fvijay.exe" /INCREMENTAL /NOLOGO kernel32.lib user32.lib gdi32.lib winspool.lib comdlg32.lib advapi32.lib shell32.lib ole32.lib oleaut32.lib uuid.lib odbc32.lib odbccp32.lib /MANIFEST /ManifestFile:"Debug\fvijay.exe.intermediate.manifest" /MANIFESTUAC:"level='asInvoker' uiAccess='false'" /DEBUG /PDB:"C:\Users\Jean Loizin\Desktop\New folder (2)\fvijay\Debug\fvijay.pdb" /SUBSYSTEM:CONSOLE /TLBID:1 /DYNAMICBASE /NXCOMPAT /IMPLIB:"C:\Users\Jean Loizin\Desktop\New folder (2)\fvijay\Debug\fvijay.lib" /MACHINE:X86 Debug\fvijay.exe.embed.manifest.res
         Debug\main.obj
       Manifest:
         C:\Program Files\Microsoft SDKs\Windows\v7.0A\bin\mt.exe /nologo /verbose /out:"Debug\fvijay.exe.embed.manifest" /manifest Debug\fvijay.exe.intermediate.manifest
         All outputs are up-to-date.
       LinkEmbedManifest:
         All outputs are up-to-date.
         fvijay.vcxproj -> C:\Users\Jean Loizin\Desktop\New folder (2)\fvijay\Debug\fvijay.exe
       FinalizeBuildStatus:
         Deleting file "Debug\fvijay.unsuccessfulbuild".
         Touching "Debug\fvijay.lastbuildstate".
     1>Done Building Project "C:\Users\Jean Loizin\Desktop\New folder (2)\fvijay\fvijay\fvijay.vcxproj" (build target(s)).

Build succeeded.

Time Elapsed 00:00:02.74
