Build started 3/23/2012 9:57:41 AM.
     1>Project "C:\Users\Jean Loizin\Desktop\file reading\file reading\file reading.vcxproj" on node 2 (build target(s)).
     1>InitializeBuildStatus:
         Creating "Debug\file reading.unsuccessfulbuild" because "AlwaysCreate" was specified.
       ClCompile:
         c:\Program Files\Microsoft Visual Studio 10.0\VC\bin\CL.exe /c /ZI /nologo /W3 /WX- /Od /Oy- /D WIN32 /D _DEBUG /D _CONSOLE /D _UNICODE /D UNICODE /Gm /EHsc /RTC1 /MDd /GS /fp:precise /Zc:wchar_t /Zc:forScope /Fo"Debug\\" /Fd"Debug\vc100.pdb" /Gd /TP /analyze- /errorReport:prompt "files text.cpp"
         files text.cpp
       ManifestResourceCompile:
         All outputs are up-to-date.
       Link:
         c:\Program Files\Microsoft Visual Studio 10.0\VC\bin\link.exe /ERRORREPORT:PROMPT /OUT:"C:\Users\Jean Loizin\Desktop\file reading\Debug\file reading.exe" /INCREMENTAL /NOLOGO kernel32.lib user32.lib gdi32.lib winspool.lib comdlg32.lib advapi32.lib shell32.lib ole32.lib oleaut32.lib uuid.lib odbc32.lib odbccp32.lib /MANIFEST /ManifestFile:"Debug\file reading.exe.intermediate.manifest" /MANIFESTUAC:"level='asInvoker' uiAccess='false'" /DEBUG /PDB:"C:\Users\Jean Loizin\Desktop\file reading\Debug\file reading.pdb" /SUBSYSTEM:CONSOLE /TLBID:1 /DYNAMICBASE /NXCOMPAT /IMPLIB:"C:\Users\Jean Loizin\Desktop\file reading\Debug\file reading.lib" /MACHINE:X86 "Debug\file reading.exe.embed.manifest.res"
         "Debug\files text.obj"
       Manifest:
         C:\Program Files\Microsoft SDKs\Windows\v7.0A\bin\mt.exe /nologo /verbose /out:"Debug\file reading.exe.embed.manifest" /manifest "Debug\file reading.exe.intermediate.manifest"
         All outputs are up-to-date.
       LinkEmbedManifest:
         All outputs are up-to-date.
         file reading.vcxproj -> C:\Users\Jean Loizin\Desktop\file reading\Debug\file reading.exe
       FinalizeBuildStatus:
         Deleting file "Debug\file reading.unsuccessfulbuild".
         Touching "Debug\file reading.lastbuildstate".
     1>Done Building Project "C:\Users\Jean Loizin\Desktop\file reading\file reading\file reading.vcxproj" (build target(s)).

Build succeeded.

Time Elapsed 00:00:02.77
